2015-09-29 10:22:21 [127.0.0.1][-][-][error][yii\base\ErrorException:1] exception 'yii\base\ErrorException' with message 'Class 'source\core\base\InvalidRouteException' not found' in D:\zend\workspace\lulucms\source\core\base\BaseController.php:63
Stack trace:
#0 [internal function]: yii\base\ErrorHandler->handleFatalError()
#1 {main}
2015-09-29 10:22:20 [127.0.0.1][-][-][info][application] $_GET = [
    'r' => 'user/user/d'
]

$_COOKIE = [
    'PHPSESSID' => '8indroprtfr9sug0j3vfcqk8m2'
    '_identity' => '9e8e16a4171f4f69f8b2ad44f886321447d8af7045b3cf9e3ca743d47636b96fa:2:{i:0;s:9:\"_identity\";i:1;s:13:\"[4,4,2592000]\";}'
]

$_SERVER = [
    'ALLUSERSPROFILE' => 'C:\\ProgramData'
    'APPDATA' => 'C:\\Users\\Administrator\\AppData\\Roaming'
    'CommonProgramFiles' => 'C:\\Program Files (x86)\\Common Files'
    'CommonProgramFiles(x86)' => 'C:\\Program Files (x86)\\Common Files'
    'CommonProgramW6432' => 'C:\\Program Files\\Common Files'
    'COMPUTERNAME' => 'CY-20130716URFH'
    'ComSpec' => 'C:\\Windows\\system32\\cmd.exe'
    'CURR_DIR' => 'D:\\Program Files (x86)\\HP\\LoadRunner\\dat\\Setup\\LoadRunner\\MSBuild\\..\\..\\..\\..'
    'FP_NO_HOST_CHECK' => 'NO'
    'FTP_PASSIVE' => '1'
    'HOMEDRIVE' => 'C:'
    'HOMEPATH' => '\\Users\\Administrator'
    'LOCALAPPDATA' => 'C:\\Users\\Administrator\\AppData\\Local'
    'LOGONSERVER' => '\\\\CY-20130716URFH'
    'LOG_FILE' => 'C:\\Users\\ADMINI~1\\AppData\\Local\\Temp\\ihp_custom_batches.log'
    'NUMBER_OF_PROCESSORS' => '4'
    'OS' => 'Windows_NT'
    'Path' => '  C:\\Program Files (x86)\\Common Files\\NetSarang;C:\\Windows\\system32;C:\\Windows;C:\\Windows\\System32\\Wbem;C:\\Windows\\System32\\WindowsPowerShell\\v1.0\\;C:\\Program Files (x86)\\ATI Technologies\\ATI.ACE\\Core-Static;D:\\Program Files (x86)\\VisualSVN Server\\bin;:\\Program Files\\TortoiseSVN\\bin;C:\\ab.exe;C:\\strawberry\\c\\bin;C:\\strawberry\\perl\\bin;D:\\zend\\workspace\\galaxy;D:\\Program Files\\nodejs\\;D:\\Program Files\\TortoiseSVN\\bin;D:\\Program Files (x86)\\Tinycn\\TServer\\source\\module\\php-5.4;C:\\ProgramData\\ComposerSetup\\bin;D:\\Program Files\\TortoiseGit\\bin;d:\\Program Files (x86)\\Oracle\\Instant Client\\bin;C:\\Program Files (x86)\\IDM Computer Solutions\\UltraEdit\\;C:\\Users\\Administrator\\AppData\\Roaming\\npm'
    'PATHEXT' => '.COM;.EXE;.BAT;.CMD;.VBS;.VBE;.JS;.JSE;.WSF;.WSH;.MSC;.exe'
    'PHPRC' => 'D:\\Program Files (x86)\\Tinycn\\TServer\\source\\module\\php-5.3'
    'PROCESSOR_ARCHITECTURE' => 'x86'
    'PROCESSOR_ARCHITEW6432' => 'AMD64'
    'PROCESSOR_IDENTIFIER' => 'Intel64 Family 6 Model 58 Stepping 9, GenuineIntel'
    'PROCESSOR_LEVEL' => '6'
    'PROCESSOR_REVISION' => '3a09'
    'ProgramData' => 'C:\\ProgramData'
    'ProgramFiles' => 'C:\\Program Files (x86)'
    'ProgramFiles(x86)' => 'C:\\Program Files (x86)'
    'ProgramW6432' => 'C:\\Program Files'
    'PSModulePath' => 'C:\\Windows\\system32\\WindowsPowerShell\\v1.0\\Modules\\'
    'PUBLIC' => 'C:\\Users\\Public'
    'SESSIONNAME' => 'Console'
    'SystemDrive' => 'C:'
    'SystemRoot' => 'C:\\Windows'
    'TARGETDIR' => 'D:\\Program Files (x86)\\HP\\LoadRunner\\dat\\Setup\\LoadRunner\\MSBuild\\..\\..\\..\\..'
    'TEMP' => 'C:\\Users\\ADMINI~1\\AppData\\Local\\Temp'
    'TERM' => 'dumb'
    'TMP' => 'C:\\Users\\ADMINI~1\\AppData\\Local\\Temp'
    'TNS_ADMIN' => 'D:\\Program Files (x86)\\instantclient_12_1'
    'USERDOMAIN' => 'CY-20130716URFH'
    'USERNAME' => 'Administrator'
    'USERPROFILE' => 'C:\\Users\\Administrator'
    'VBOX_MSI_INSTALL_PATH' => 'D:\\Program Files\\Oracle\\VirtualBox\\'
    'VISUALSVN_SERVER' => 'D:\\Program Files (x86)\\VisualSVN Server\\'
    'windir' => 'C:\\Windows'
    'windows_tracing_flags' => '3'
    'windows_tracing_logfile' => 'C:\\BVTBin\\Tests\\installpackage\\csilogfile.log'
    'HTTP_CONNECTION' => 'keep-alive'
    'HTTP_COOKIE' => 'PHPSESSID=8indroprtfr9sug0j3vfcqk8m2; _identity=9e8e16a4171f4f69f8b2ad44f886321447d8af7045b3cf9e3ca743d47636b96fa%3A2%3A%7Bi%3A0%3Bs%3A9%3A%22_identity%22%3Bi%3A1%3Bs%3A13%3A%22%5B4%2C4%2C2592000%5D%22%3B%7D'
    'HTTP_REFERER' => 'http://lulucms/admin.php?r=user/user'
    'HTTP_ACCEPT_ENCODING' => 'gzip, deflate'
    'HTTP_ACCEPT_LANGUAGE' => 'zh-CN,zh;q=0.8,en-US;q=0.5,en;q=0.3'
    'HTTP_ACCEPT' => 'text/html,application/xhtml+xml,application/xml;q=0.9,*/*;q=0.8'
    'HTTP_USER_AGENT' => 'Mozilla/5.0 (Windows NT 6.1; WOW64; rv:40.0) Gecko/20100101 Firefox/40.0'
    'HTTP_HOST' => 'lulucms'
    'REDIRECT_STATUS' => '200'
    'PATH_INFO' => '/admin.php'
    'SERVER_NAME' => 'lulucms'
    'SERVER_PORT' => '80'
    'SERVER_ADDR' => '127.0.0.1'
    'REMOTE_PORT' => '49682'
    'REMOTE_ADDR' => '127.0.0.1'
    'SERVER_PROTOCOL' => 'HTTP/1.1'
    'DOCUMENT_ROOT' => 'D:\\zend\\workspace\\lulucms'
    'DOCUMENT_URI' => '/admin.php'
    'REQUEST_URI' => '/admin.php?r=user/user/d'
    'SCRIPT_NAME' => '/admin.php'
    'SCRIPT_FILENAME' => 'D:\\zend\\workspace\\lulucms/admin.php'
    'CONTENT_LENGTH' => ''
    'CONTENT_TYPE' => ''
    'REQUEST_METHOD' => 'GET'
    'QUERY_STRING' => 'r=user/user/d'
    'SERVER_SOFTWARE' => 'nginx/1.2.9'
    'GATEWAY_INTERFACE' => 'CGI/1.1'
    'FCGI_ROLE' => 'RESPONDER'
    'PHP_SELF' => '/admin.php/admin.php'
    'REQUEST_TIME_FLOAT' => 1443493340.9786
    'REQUEST_TIME' => 1443493340
    'argv' => [
        0 => 'r=user/user/d'
    ]
    'argc' => 1
]
2015-09-29 11:02:20 [127.0.0.1][1][-][error][yii\base\InvalidRouteException] exception 'yii\base\InvalidRouteException' with message 'Unable to resolve the request "tools/db".' in D:\zend\workspace\lulucms\vendor\yiisoft\yii2\base\Module.php:461
Stack trace:
#0 D:\zend\workspace\lulucms\source\core\base\BaseApplication.php(54): yii\base\Module->runAction('tools/db', Array)
#1 D:\zend\workspace\lulucms\vendor\yiisoft\yii2\base\Application.php(375): source\core\base\BaseApplication->handleRequest(Object(yii\web\Request))
#2 D:\zend\workspace\lulucms\admin.php(28): yii\base\Application->run()
#3 {main}
2015-09-29 11:02:20 [127.0.0.1][1][-][info][application] $_GET = [
    'r' => 'tools/db'
]

$_COOKIE = [
    'PHPSESSID' => 'o9j4hs99i7nuprbt2ehnd9ab57'
    '_identity' => 'ed11419334f414e1208d54699bde236800672bf7f7c01a7b4907946ea5895c56a:2:{i:0;s:9:\"_identity\";i:1;s:13:\"[1,1,2592000]\";}'
]

$_SESSION = [
    '__flash' => []
    '__id' => 1
]

$_SERVER = [
    'ALLUSERSPROFILE' => 'C:\\ProgramData'
    'APPDATA' => 'C:\\Users\\Administrator\\AppData\\Roaming'
    'CommonProgramFiles' => 'C:\\Program Files (x86)\\Common Files'
    'CommonProgramFiles(x86)' => 'C:\\Program Files (x86)\\Common Files'
    'CommonProgramW6432' => 'C:\\Program Files\\Common Files'
    'COMPUTERNAME' => 'CY-20130716URFH'
    'ComSpec' => 'C:\\Windows\\system32\\cmd.exe'
    'CURR_DIR' => 'D:\\Program Files (x86)\\HP\\LoadRunner\\dat\\Setup\\LoadRunner\\MSBuild\\..\\..\\..\\..'
    'FP_NO_HOST_CHECK' => 'NO'
    'FTP_PASSIVE' => '1'
    'HOMEDRIVE' => 'C:'
    'HOMEPATH' => '\\Users\\Administrator'
    'LOCALAPPDATA' => 'C:\\Users\\Administrator\\AppData\\Local'
    'LOGONSERVER' => '\\\\CY-20130716URFH'
    'LOG_FILE' => 'C:\\Users\\ADMINI~1\\AppData\\Local\\Temp\\ihp_custom_batches.log'
    'NUMBER_OF_PROCESSORS' => '4'
    'OS' => 'Windows_NT'
    'Path' => '  C:\\Program Files (x86)\\Common Files\\NetSarang;C:\\Windows\\system32;C:\\Windows;C:\\Windows\\System32\\Wbem;C:\\Windows\\System32\\WindowsPowerShell\\v1.0\\;C:\\Program Files (x86)\\ATI Technologies\\ATI.ACE\\Core-Static;D:\\Program Files (x86)\\VisualSVN Server\\bin;:\\Program Files\\TortoiseSVN\\bin;C:\\ab.exe;C:\\strawberry\\c\\bin;C:\\strawberry\\perl\\bin;D:\\zend\\workspace\\galaxy;D:\\Program Files\\nodejs\\;D:\\Program Files\\TortoiseSVN\\bin;D:\\Program Files (x86)\\Tinycn\\TServer\\source\\module\\php-5.4;C:\\ProgramData\\ComposerSetup\\bin;D:\\Program Files\\TortoiseGit\\bin;d:\\Program Files (x86)\\Oracle\\Instant Client\\bin;C:\\Program Files (x86)\\IDM Computer Solutions\\UltraEdit\\;C:\\Users\\Administrator\\AppData\\Roaming\\npm'
    'PATHEXT' => '.COM;.EXE;.BAT;.CMD;.VBS;.VBE;.JS;.JSE;.WSF;.WSH;.MSC;.exe'
    'PHPRC' => 'D:\\Program Files (x86)\\Tinycn\\TServer\\source\\module\\php-5.3'
    'PROCESSOR_ARCHITECTURE' => 'x86'
    'PROCESSOR_ARCHITEW6432' => 'AMD64'
    'PROCESSOR_IDENTIFIER' => 'Intel64 Family 6 Model 58 Stepping 9, GenuineIntel'
    'PROCESSOR_LEVEL' => '6'
    'PROCESSOR_REVISION' => '3a09'
    'ProgramData' => 'C:\\ProgramData'
    'ProgramFiles' => 'C:\\Program Files (x86)'
    'ProgramFiles(x86)' => 'C:\\Program Files (x86)'
    'ProgramW6432' => 'C:\\Program Files'
    'PSModulePath' => 'C:\\Windows\\system32\\WindowsPowerShell\\v1.0\\Modules\\'
    'PUBLIC' => 'C:\\Users\\Public'
    'SESSIONNAME' => 'Console'
    'SystemDrive' => 'C:'
    'SystemRoot' => 'C:\\Windows'
    'TARGETDIR' => 'D:\\Program Files (x86)\\HP\\LoadRunner\\dat\\Setup\\LoadRunner\\MSBuild\\..\\..\\..\\..'
    'TEMP' => 'C:\\Users\\ADMINI~1\\AppData\\Local\\Temp'
    'TERM' => 'dumb'
    'TMP' => 'C:\\Users\\ADMINI~1\\AppData\\Local\\Temp'
    'TNS_ADMIN' => 'D:\\Program Files (x86)\\instantclient_12_1'
    'USERDOMAIN' => 'CY-20130716URFH'
    'USERNAME' => 'Administrator'
    'USERPROFILE' => 'C:\\Users\\Administrator'
    'VBOX_MSI_INSTALL_PATH' => 'D:\\Program Files\\Oracle\\VirtualBox\\'
    'VISUALSVN_SERVER' => 'D:\\Program Files (x86)\\VisualSVN Server\\'
    'windir' => 'C:\\Windows'
    'windows_tracing_flags' => '3'
    'windows_tracing_logfile' => 'C:\\BVTBin\\Tests\\installpackage\\csilogfile.log'
    'HTTP_CONNECTION' => 'keep-alive'
    'HTTP_COOKIE' => 'PHPSESSID=o9j4hs99i7nuprbt2ehnd9ab57; _identity=ed11419334f414e1208d54699bde236800672bf7f7c01a7b4907946ea5895c56a%3A2%3A%7Bi%3A0%3Bs%3A9%3A%22_identity%22%3Bi%3A1%3Bs%3A13%3A%22%5B1%2C1%2C2592000%5D%22%3B%7D'
    'HTTP_REFERER' => 'http://lulucms/admin.php?r=tools/cache'
    'HTTP_ACCEPT_ENCODING' => 'gzip, deflate'
    'HTTP_ACCEPT_LANGUAGE' => 'zh-CN,zh;q=0.8,en-US;q=0.5,en;q=0.3'
    'HTTP_ACCEPT' => 'text/html,application/xhtml+xml,application/xml;q=0.9,*/*;q=0.8'
    'HTTP_USER_AGENT' => 'Mozilla/5.0 (Windows NT 6.1; WOW64; rv:40.0) Gecko/20100101 Firefox/40.0'
    'HTTP_HOST' => 'lulucms'
    'REDIRECT_STATUS' => '200'
    'PATH_INFO' => '/admin.php'
    'SERVER_NAME' => 'lulucms'
    'SERVER_PORT' => '80'
    'SERVER_ADDR' => '127.0.0.1'
    'REMOTE_PORT' => '56277'
    'REMOTE_ADDR' => '127.0.0.1'
    'SERVER_PROTOCOL' => 'HTTP/1.1'
    'DOCUMENT_ROOT' => 'D:\\zend\\workspace\\lulucms'
    'DOCUMENT_URI' => '/admin.php'
    'REQUEST_URI' => '/admin.php?r=tools/db'
    'SCRIPT_NAME' => '/admin.php'
    'SCRIPT_FILENAME' => 'D:\\zend\\workspace\\lulucms/admin.php'
    'CONTENT_LENGTH' => ''
    'CONTENT_TYPE' => ''
    'REQUEST_METHOD' => 'GET'
    'QUERY_STRING' => 'r=tools/db'
    'SERVER_SOFTWARE' => 'nginx/1.2.9'
    'GATEWAY_INTERFACE' => 'CGI/1.1'
    'FCGI_ROLE' => 'RESPONDER'
    'PHP_SELF' => '/admin.php/admin.php'
    'REQUEST_TIME_FLOAT' => 1443495740.9514
    'REQUEST_TIME' => 1443495740
    'argv' => [
        0 => 'r=tools/db'
    ]
    'argc' => 1
]
2015-09-29 11:02:25 [127.0.0.1][-][-][error][yii\base\ErrorException:1] exception 'yii\base\ErrorException' with message 'Class 'source\core\base\InvalidRouteException' not found' in D:\zend\workspace\lulucms\source\core\base\BaseController.php:63
Stack trace:
#0 [internal function]: yii\base\ErrorHandler->handleFatalError()
#1 {main}
2015-09-29 11:02:25 [127.0.0.1][-][-][info][application] $_GET = [
    'r' => 'site/d'
]

$_COOKIE = [
    'PHPSESSID' => 'o9j4hs99i7nuprbt2ehnd9ab57'
    '_identity' => 'ed11419334f414e1208d54699bde236800672bf7f7c01a7b4907946ea5895c56a:2:{i:0;s:9:\"_identity\";i:1;s:13:\"[1,1,2592000]\";}'
]

$_SERVER = [
    'ALLUSERSPROFILE' => 'C:\\ProgramData'
    'APPDATA' => 'C:\\Users\\Administrator\\AppData\\Roaming'
    'CommonProgramFiles' => 'C:\\Program Files (x86)\\Common Files'
    'CommonProgramFiles(x86)' => 'C:\\Program Files (x86)\\Common Files'
    'CommonProgramW6432' => 'C:\\Program Files\\Common Files'
    'COMPUTERNAME' => 'CY-20130716URFH'
    'ComSpec' => 'C:\\Windows\\system32\\cmd.exe'
    'CURR_DIR' => 'D:\\Program Files (x86)\\HP\\LoadRunner\\dat\\Setup\\LoadRunner\\MSBuild\\..\\..\\..\\..'
    'FP_NO_HOST_CHECK' => 'NO'
    'FTP_PASSIVE' => '1'
    'HOMEDRIVE' => 'C:'
    'HOMEPATH' => '\\Users\\Administrator'
    'LOCALAPPDATA' => 'C:\\Users\\Administrator\\AppData\\Local'
    'LOGONSERVER' => '\\\\CY-20130716URFH'
    'LOG_FILE' => 'C:\\Users\\ADMINI~1\\AppData\\Local\\Temp\\ihp_custom_batches.log'
    'NUMBER_OF_PROCESSORS' => '4'
    'OS' => 'Windows_NT'
    'Path' => '  C:\\Program Files (x86)\\Common Files\\NetSarang;C:\\Windows\\system32;C:\\Windows;C:\\Windows\\System32\\Wbem;C:\\Windows\\System32\\WindowsPowerShell\\v1.0\\;C:\\Program Files (x86)\\ATI Technologies\\ATI.ACE\\Core-Static;D:\\Program Files (x86)\\VisualSVN Server\\bin;:\\Program Files\\TortoiseSVN\\bin;C:\\ab.exe;C:\\strawberry\\c\\bin;C:\\strawberry\\perl\\bin;D:\\zend\\workspace\\galaxy;D:\\Program Files\\nodejs\\;D:\\Program Files\\TortoiseSVN\\bin;D:\\Program Files (x86)\\Tinycn\\TServer\\source\\module\\php-5.4;C:\\ProgramData\\ComposerSetup\\bin;D:\\Program Files\\TortoiseGit\\bin;d:\\Program Files (x86)\\Oracle\\Instant Client\\bin;C:\\Program Files (x86)\\IDM Computer Solutions\\UltraEdit\\;C:\\Users\\Administrator\\AppData\\Roaming\\npm'
    'PATHEXT' => '.COM;.EXE;.BAT;.CMD;.VBS;.VBE;.JS;.JSE;.WSF;.WSH;.MSC;.exe'
    'PHPRC' => 'D:\\Program Files (x86)\\Tinycn\\TServer\\source\\module\\php-5.3'
    'PROCESSOR_ARCHITECTURE' => 'x86'
    'PROCESSOR_ARCHITEW6432' => 'AMD64'
    'PROCESSOR_IDENTIFIER' => 'Intel64 Family 6 Model 58 Stepping 9, GenuineIntel'
    'PROCESSOR_LEVEL' => '6'
    'PROCESSOR_REVISION' => '3a09'
    'ProgramData' => 'C:\\ProgramData'
    'ProgramFiles' => 'C:\\Program Files (x86)'
    'ProgramFiles(x86)' => 'C:\\Program Files (x86)'
    'ProgramW6432' => 'C:\\Program Files'
    'PSModulePath' => 'C:\\Windows\\system32\\WindowsPowerShell\\v1.0\\Modules\\'
    'PUBLIC' => 'C:\\Users\\Public'
    'SESSIONNAME' => 'Console'
    'SystemDrive' => 'C:'
    'SystemRoot' => 'C:\\Windows'
    'TARGETDIR' => 'D:\\Program Files (x86)\\HP\\LoadRunner\\dat\\Setup\\LoadRunner\\MSBuild\\..\\..\\..\\..'
    'TEMP' => 'C:\\Users\\ADMINI~1\\AppData\\Local\\Temp'
    'TERM' => 'dumb'
    'TMP' => 'C:\\Users\\ADMINI~1\\AppData\\Local\\Temp'
    'TNS_ADMIN' => 'D:\\Program Files (x86)\\instantclient_12_1'
    'USERDOMAIN' => 'CY-20130716URFH'
    'USERNAME' => 'Administrator'
    'USERPROFILE' => 'C:\\Users\\Administrator'
    'VBOX_MSI_INSTALL_PATH' => 'D:\\Program Files\\Oracle\\VirtualBox\\'
    'VISUALSVN_SERVER' => 'D:\\Program Files (x86)\\VisualSVN Server\\'
    'windir' => 'C:\\Windows'
    'windows_tracing_flags' => '3'
    'windows_tracing_logfile' => 'C:\\BVTBin\\Tests\\installpackage\\csilogfile.log'
    'HTTP_CONNECTION' => 'keep-alive'
    'HTTP_COOKIE' => 'PHPSESSID=o9j4hs99i7nuprbt2ehnd9ab57; _identity=ed11419334f414e1208d54699bde236800672bf7f7c01a7b4907946ea5895c56a%3A2%3A%7Bi%3A0%3Bs%3A9%3A%22_identity%22%3Bi%3A1%3Bs%3A13%3A%22%5B1%2C1%2C2592000%5D%22%3B%7D'
    'HTTP_REFERER' => 'http://lulucms/admin.php?r=tools/db'
    'HTTP_ACCEPT_ENCODING' => 'gzip, deflate'
    'HTTP_ACCEPT_LANGUAGE' => 'zh-CN,zh;q=0.8,en-US;q=0.5,en;q=0.3'
    'HTTP_ACCEPT' => 'text/html,application/xhtml+xml,application/xml;q=0.9,*/*;q=0.8'
    'HTTP_USER_AGENT' => 'Mozilla/5.0 (Windows NT 6.1; WOW64; rv:40.0) Gecko/20100101 Firefox/40.0'
    'HTTP_HOST' => 'lulucms'
    'REDIRECT_STATUS' => '200'
    'PATH_INFO' => '/admin.php'
    'SERVER_NAME' => 'lulucms'
    'SERVER_PORT' => '80'
    'SERVER_ADDR' => '127.0.0.1'
    'REMOTE_PORT' => '56277'
    'REMOTE_ADDR' => '127.0.0.1'
    'SERVER_PROTOCOL' => 'HTTP/1.1'
    'DOCUMENT_ROOT' => 'D:\\zend\\workspace\\lulucms'
    'DOCUMENT_URI' => '/admin.php'
    'REQUEST_URI' => '/admin.php?r=site/d'
    'SCRIPT_NAME' => '/admin.php'
    'SCRIPT_FILENAME' => 'D:\\zend\\workspace\\lulucms/admin.php'
    'CONTENT_LENGTH' => ''
    'CONTENT_TYPE' => ''
    'REQUEST_METHOD' => 'GET'
    'QUERY_STRING' => 'r=site/d'
    'SERVER_SOFTWARE' => 'nginx/1.2.9'
    'GATEWAY_INTERFACE' => 'CGI/1.1'
    'FCGI_ROLE' => 'RESPONDER'
    'PHP_SELF' => '/admin.php/admin.php'
    'REQUEST_TIME_FLOAT' => 1443495745.1376
    'REQUEST_TIME' => 1443495745
    'argv' => [
        0 => 'r=site/d'
    ]
    'argc' => 1
]
2015-09-29 11:02:26 [127.0.0.1][1][-][error][yii\base\InvalidRouteException] exception 'yii\base\InvalidRouteException' with message 'Unable to resolve the request "tools/db".' in D:\zend\workspace\lulucms\vendor\yiisoft\yii2\base\Module.php:461
Stack trace:
#0 D:\zend\workspace\lulucms\source\core\base\BaseApplication.php(54): yii\base\Module->runAction('tools/db', Array)
#1 D:\zend\workspace\lulucms\vendor\yiisoft\yii2\base\Application.php(375): source\core\base\BaseApplication->handleRequest(Object(yii\web\Request))
#2 D:\zend\workspace\lulucms\admin.php(28): yii\base\Application->run()
#3 {main}
2015-09-29 11:02:26 [127.0.0.1][1][-][info][application] $_GET = [
    'r' => 'tools/db'
]

$_COOKIE = [
    'PHPSESSID' => 'o9j4hs99i7nuprbt2ehnd9ab57'
    '_identity' => 'ed11419334f414e1208d54699bde236800672bf7f7c01a7b4907946ea5895c56a:2:{i:0;s:9:\"_identity\";i:1;s:13:\"[1,1,2592000]\";}'
]

$_SESSION = [
    '__flash' => []
    '__id' => 1
]

$_SERVER = [
    'ALLUSERSPROFILE' => 'C:\\ProgramData'
    'APPDATA' => 'C:\\Users\\Administrator\\AppData\\Roaming'
    'CommonProgramFiles' => 'C:\\Program Files (x86)\\Common Files'
    'CommonProgramFiles(x86)' => 'C:\\Program Files (x86)\\Common Files'
    'CommonProgramW6432' => 'C:\\Program Files\\Common Files'
    'COMPUTERNAME' => 'CY-20130716URFH'
    'ComSpec' => 'C:\\Windows\\system32\\cmd.exe'
    'CURR_DIR' => 'D:\\Program Files (x86)\\HP\\LoadRunner\\dat\\Setup\\LoadRunner\\MSBuild\\..\\..\\..\\..'
    'FP_NO_HOST_CHECK' => 'NO'
    'FTP_PASSIVE' => '1'
    'HOMEDRIVE' => 'C:'
    'HOMEPATH' => '\\Users\\Administrator'
    'LOCALAPPDATA' => 'C:\\Users\\Administrator\\AppData\\Local'
    'LOGONSERVER' => '\\\\CY-20130716URFH'
    'LOG_FILE' => 'C:\\Users\\ADMINI~1\\AppData\\Local\\Temp\\ihp_custom_batches.log'
    'NUMBER_OF_PROCESSORS' => '4'
    'OS' => 'Windows_NT'
    'Path' => '  C:\\Program Files (x86)\\Common Files\\NetSarang;C:\\Windows\\system32;C:\\Windows;C:\\Windows\\System32\\Wbem;C:\\Windows\\System32\\WindowsPowerShell\\v1.0\\;C:\\Program Files (x86)\\ATI Technologies\\ATI.ACE\\Core-Static;D:\\Program Files (x86)\\VisualSVN Server\\bin;:\\Program Files\\TortoiseSVN\\bin;C:\\ab.exe;C:\\strawberry\\c\\bin;C:\\strawberry\\perl\\bin;D:\\zend\\workspace\\galaxy;D:\\Program Files\\nodejs\\;D:\\Program Files\\TortoiseSVN\\bin;D:\\Program Files (x86)\\Tinycn\\TServer\\source\\module\\php-5.4;C:\\ProgramData\\ComposerSetup\\bin;D:\\Program Files\\TortoiseGit\\bin;d:\\Program Files (x86)\\Oracle\\Instant Client\\bin;C:\\Program Files (x86)\\IDM Computer Solutions\\UltraEdit\\;C:\\Users\\Administrator\\AppData\\Roaming\\npm'
    'PATHEXT' => '.COM;.EXE;.BAT;.CMD;.VBS;.VBE;.JS;.JSE;.WSF;.WSH;.MSC;.exe'
    'PHPRC' => 'D:\\Program Files (x86)\\Tinycn\\TServer\\source\\module\\php-5.3'
    'PROCESSOR_ARCHITECTURE' => 'x86'
    'PROCESSOR_ARCHITEW6432' => 'AMD64'
    'PROCESSOR_IDENTIFIER' => 'Intel64 Family 6 Model 58 Stepping 9, GenuineIntel'
    'PROCESSOR_LEVEL' => '6'
    'PROCESSOR_REVISION' => '3a09'
    'ProgramData' => 'C:\\ProgramData'
    'ProgramFiles' => 'C:\\Program Files (x86)'
    'ProgramFiles(x86)' => 'C:\\Program Files (x86)'
    'ProgramW6432' => 'C:\\Program Files'
    'PSModulePath' => 'C:\\Windows\\system32\\WindowsPowerShell\\v1.0\\Modules\\'
    'PUBLIC' => 'C:\\Users\\Public'
    'SESSIONNAME' => 'Console'
    'SystemDrive' => 'C:'
    'SystemRoot' => 'C:\\Windows'
    'TARGETDIR' => 'D:\\Program Files (x86)\\HP\\LoadRunner\\dat\\Setup\\LoadRunner\\MSBuild\\..\\..\\..\\..'
    'TEMP' => 'C:\\Users\\ADMINI~1\\AppData\\Local\\Temp'
    'TERM' => 'dumb'
    'TMP' => 'C:\\Users\\ADMINI~1\\AppData\\Local\\Temp'
    'TNS_ADMIN' => 'D:\\Program Files (x86)\\instantclient_12_1'
    'USERDOMAIN' => 'CY-20130716URFH'
    'USERNAME' => 'Administrator'
    'USERPROFILE' => 'C:\\Users\\Administrator'
    'VBOX_MSI_INSTALL_PATH' => 'D:\\Program Files\\Oracle\\VirtualBox\\'
    'VISUALSVN_SERVER' => 'D:\\Program Files (x86)\\VisualSVN Server\\'
    'windir' => 'C:\\Windows'
    'windows_tracing_flags' => '3'
    'windows_tracing_logfile' => 'C:\\BVTBin\\Tests\\installpackage\\csilogfile.log'
    'HTTP_CONNECTION' => 'keep-alive'
    'HTTP_COOKIE' => 'PHPSESSID=o9j4hs99i7nuprbt2ehnd9ab57; _identity=ed11419334f414e1208d54699bde236800672bf7f7c01a7b4907946ea5895c56a%3A2%3A%7Bi%3A0%3Bs%3A9%3A%22_identity%22%3Bi%3A1%3Bs%3A13%3A%22%5B1%2C1%2C2592000%5D%22%3B%7D'
    'HTTP_REFERER' => 'http://lulucms/admin.php?r=tools/cache'
    'HTTP_ACCEPT_ENCODING' => 'gzip, deflate'
    'HTTP_ACCEPT_LANGUAGE' => 'zh-CN,zh;q=0.8,en-US;q=0.5,en;q=0.3'
    'HTTP_ACCEPT' => 'text/html,application/xhtml+xml,application/xml;q=0.9,*/*;q=0.8'
    'HTTP_USER_AGENT' => 'Mozilla/5.0 (Windows NT 6.1; WOW64; rv:40.0) Gecko/20100101 Firefox/40.0'
    'HTTP_HOST' => 'lulucms'
    'REDIRECT_STATUS' => '200'
    'PATH_INFO' => '/admin.php'
    'SERVER_NAME' => 'lulucms'
    'SERVER_PORT' => '80'
    'SERVER_ADDR' => '127.0.0.1'
    'REMOTE_PORT' => '56277'
    'REMOTE_ADDR' => '127.0.0.1'
    'SERVER_PROTOCOL' => 'HTTP/1.1'
    'DOCUMENT_ROOT' => 'D:\\zend\\workspace\\lulucms'
    'DOCUMENT_URI' => '/admin.php'
    'REQUEST_URI' => '/admin.php?r=tools/db'
    'SCRIPT_NAME' => '/admin.php'
    'SCRIPT_FILENAME' => 'D:\\zend\\workspace\\lulucms/admin.php'
    'CONTENT_LENGTH' => ''
    'CONTENT_TYPE' => ''
    'REQUEST_METHOD' => 'GET'
    'QUERY_STRING' => 'r=tools/db'
    'SERVER_SOFTWARE' => 'nginx/1.2.9'
    'GATEWAY_INTERFACE' => 'CGI/1.1'
    'FCGI_ROLE' => 'RESPONDER'
    'PHP_SELF' => '/admin.php/admin.php'
    'REQUEST_TIME_FLOAT' => 1443495746.6736
    'REQUEST_TIME' => 1443495746
    'argv' => [
        0 => 'r=tools/db'
    ]
    'argc' => 1
]
